{"C:\\Users\\juan\\Desktop\\Ferremas-main\\server\\app.js": {"path":"C:\\Users\\juan\\Desktop\\Ferremas-main\\server\\app.js","statementMap":{"0":{"start":{"line":1,"column":0},"end":{"line":1,"column":27}},"1":{"start":{"line":2,"column":16},"end":{"line":2,"column":34}},"2":{"start":{"line":3,"column":13},"end":{"line":3,"column":28}},"3":{"start":{"line":4,"column":14},"end":{"line":4,"column":30}},"4":{"start":{"line":5,"column":13},"end":{"line":5,"column":28}},"5":{"start":{"line":7,"column":12},"end":{"line":7,"column":21}},"6":{"start":{"line":10,"column":23},"end":{"line":10,"column":57}},"7":{"start":{"line":11,"column":22},"end":{"line":11,"column":55}},"8":{"start":{"line":12,"column":21},"end":{"line":12,"column":54}},"9":{"start":{"line":13,"column":19},"end":{"line":13,"column":49}},"10":{"start":{"line":14,"column":22},"end":{"line":14,"column":55}},"11":{"start":{"line":17,"column":18},"end":{"line":17,"column":46}},"12":{"start":{"line":20,"column":0},"end":{"line":20,"column":16}},"13":{"start":{"line":21,"column":0},"end":{"line":21,"column":24}},"14":{"start":{"line":22,"column":0},"end":{"line":22,"column":48}},"15":{"start":{"line":23,"column":0},"end":{"line":23,"column":56}},"16":{"start":{"line":26,"column":0},"end":{"line":26,"column":33}},"17":{"start":{"line":27,"column":0},"end":{"line":27,"column":40}},"18":{"start":{"line":28,"column":0},"end":{"line":28,"column":39}},"19":{"start":{"line":29,"column":0},"end":{"line":29,"column":40}},"20":{"start":{"line":30,"column":0},"end":{"line":30,"column":37}},"21":{"start":{"line":33,"column":0},"end":{"line":36,"column":3}},"22":{"start":{"line":34,"column":2},"end":{"line":34,"column":80}},"23":{"start":{"line":35,"column":2},"end":{"line":35,"column":9}},"24":{"start":{"line":39,"column":17},"end":{"line":42,"column":1}},"25":{"start":{"line":43,"column":18},"end":{"line":43,"column":25}},"26":{"start":{"line":47,"column":14},"end":{"line":47,"column":24}},"27":{"start":{"line":48,"column":2},"end":{"line":61,"column":3}},"28":{"start":{"line":49,"column":4},"end":{"line":60,"column":5}},"29":{"start":{"line":50,"column":23},"end":{"line":50,"column":64}},"30":{"start":{"line":51,"column":6},"end":{"line":55,"column":8}},"31":{"start":{"line":56,"column":6},"end":{"line":56,"column":35}},"32":{"start":{"line":58,"column":6},"end":{"line":58,"column":62}},"33":{"start":{"line":59,"column":6},"end":{"line":59,"column":60}},"34":{"start":{"line":62,"column":2},"end":{"line":62,"column":25}},"35":{"start":{"line":66,"column":0},"end":{"line":73,"column":3}},"36":{"start":{"line":67,"column":2},"end":{"line":72,"column":3}},"37":{"start":{"line":68,"column":18},"end":{"line":68,"column":42}},"38":{"start":{"line":69,"column":4},"end":{"line":69,"column":20}},"39":{"start":{"line":71,"column":4},"end":{"line":71,"column":51}},"40":{"start":{"line":75,"column":0},"end":{"line":105,"column":3}},"41":{"start":{"line":76,"column":2},"end":{"line":104,"column":3}},"42":{"start":{"line":77,"column":33},"end":{"line":77,"column":41}},"43":{"start":{"line":78,"column":18},"end":{"line":78,"column":42}},"44":{"start":{"line":80,"column":28},"end":{"line":80,"column":49}},"45":{"start":{"line":81,"column":4},"end":{"line":83,"column":5}},"46":{"start":{"line":82,"column":6},"end":{"line":82,"column":88}},"47":{"start":{"line":85,"column":23},"end":{"line":89,"column":5}},"48":{"start":{"line":91,"column":24},"end":{"line":91,"column":49}},"49":{"start":{"line":92,"column":28},"end":{"line":92,"column":56}},"50":{"start":{"line":94,"column":4},"end":{"line":101,"column":7}},"51":{"start":{"line":103,"column":4},"end":{"line":103,"column":51}},"52":{"start":{"line":108,"column":0},"end":{"line":110,"column":3}},"53":{"start":{"line":109,"column":2},"end":{"line":109,"column":68}},"54":{"start":{"line":113,"column":0},"end":{"line":115,"column":3}},"55":{"start":{"line":114,"column":2},"end":{"line":114,"column":73}},"56":{"start":{"line":117,"column":0},"end":{"line":119,"column":3}},"57":{"start":{"line":118,"column":2},"end":{"line":118,"column":40}},"58":{"start":{"line":122,"column":0},"end":{"line":125,"column":3}},"59":{"start":{"line":123,"column":2},"end":{"line":123,"column":27}},"60":{"start":{"line":124,"column":2},"end":{"line":124,"column":53}},"61":{"start":{"line":128,"column":0},"end":{"line":144,"column":5}},"62":{"start":{"line":130,"column":17},"end":{"line":130,"column":41}},"63":{"start":{"line":131,"column":4},"end":{"line":140,"column":7}},"64":{"start":{"line":132,"column":6},"end":{"line":139,"column":9}},"65":{"start":{"line":143,"column":4},"end":{"line":143,"column":52}}},"fnMap":{"0":{"name":"(anonymous_0)","decl":{"start":{"line":33,"column":8},"end":{"line":33,"column":9}},"loc":{"start":{"line":33,"column":28},"end":{"line":36,"column":1}},"line":33},"1":{"name":"getExchangeRates","decl":{"start":{"line":46,"column":15},"end":{"line":46,"column":31}},"loc":{"start":{"line":46,"column":34},"end":{"line":63,"column":1}},"line":46},"2":{"name":"(anonymous_2)","decl":{"start":{"line":66,"column":31},"end":{"line":66,"column":32}},"loc":{"start":{"line":66,"column":51},"end":{"line":73,"column":1}},"line":66},"3":{"name":"(anonymous_3)","decl":{"start":{"line":75,"column":34},"end":{"line":75,"column":35}},"loc":{"start":{"line":75,"column":54},"end":{"line":105,"column":1}},"line":75},"4":{"name":"(anonymous_4)","decl":{"start":{"line":108,"column":25},"end":{"line":108,"column":26}},"loc":{"start":{"line":108,"column":39},"end":{"line":110,"column":1}},"line":108},"5":{"name":"(anonymous_5)","decl":{"start":{"line":113,"column":13},"end":{"line":113,"column":14}},"loc":{"start":{"line":113,"column":27},"end":{"line":115,"column":1}},"line":113},"6":{"name":"(anonymous_6)","decl":{"start":{"line":117,"column":17},"end":{"line":117,"column":18}},"loc":{"start":{"line":117,"column":31},"end":{"line":119,"column":1}},"line":117},"7":{"name":"(anonymous_7)","decl":{"start":{"line":122,"column":8},"end":{"line":122,"column":9}},"loc":{"start":{"line":122,"column":33},"end":{"line":125,"column":1}},"line":122},"8":{"name":"(anonymous_8)","decl":{"start":{"line":129,"column":8},"end":{"line":129,"column":9}},"loc":{"start":{"line":129,"column":14},"end":{"line":141,"column":3}},"line":129},"9":{"name":"(anonymous_9)","decl":{"start":{"line":131,"column":21},"end":{"line":131,"column":22}},"loc":{"start":{"line":131,"column":27},"end":{"line":140,"column":5}},"line":131},"10":{"name":"(anonymous_10)","decl":{"start":{"line":142,"column":9},"end":{"line":142,"column":10}},"loc":{"start":{"line":142,"column":18},"end":{"line":144,"column":3}},"line":142}},"branchMap":{"0":{"loc":{"start":{"line":48,"column":2},"end":{"line":61,"column":3}},"type":"if","locations":[{"start":{"line":48,"column":2},"end":{"line":61,"column":3}},{"start":{},"end":{}}],"line":48},"1":{"loc":{"start":{"line":48,"column":6},"end":{"line":48,"column":66}},"type":"binary-expr","locations":[{"start":{"line":48,"column":6},"end":{"line":48,"column":22}},{"start":{"line":48,"column":26},"end":{"line":48,"column":66}}],"line":48},"2":{"loc":{"start":{"line":81,"column":4},"end":{"line":83,"column":5}},"type":"if","locations":[{"start":{"line":81,"column":4},"end":{"line":83,"column":5}},{"start":{},"end":{}}],"line":81},"3":{"loc":{"start":{"line":81,"column":8},"end":{"line":81,"column":72}},"type":"binary-expr","locations":[{"start":{"line":81,"column":8},"end":{"line":81,"column":39}},{"start":{"line":81,"column":43},"end":{"line":81,"column":72}}],"line":81},"4":{"loc":{"start":{"line":130,"column":17},"end":{"line":130,"column":41}},"type":"binary-expr","locations":[{"start":{"line":130,"column":17},"end":{"line":130,"column":33}},{"start":{"line":130,"column":37},"end":{"line":130,"column":41}}],"line":130}},"s":{"0":3,"1":3,"2":3,"3":3,"4":3,"5":3,"6":3,"7":3,"8":3,"9":3,"10":3,"11":3,"12":3,"13":3,"14":3,"15":3,"16":3,"17":3,"18":3,"19":3,"20":3,"21":3,"22":0,"23":0,"24":3,"25":3,"26":0,"27":0,"28":0,"29":0,"30":0,"31":0,"32":0,"33":0,"34":0,"35":3,"36":0,"37":0,"38":0,"39":0,"40":3,"41":0,"42":0,"43":0,"44":0,"45":0,"46":0,"47":0,"48":0,"49":0,"50":0,"51":0,"52":3,"53":0,"54":3,"55":0,"56":3,"57":0,"58":3,"59":0,"60":0,"61":3,"62":0,"63":0,"64":0,"65":0},"f":{"0":0,"1":0,"2":0,"3":0,"4":0,"5":0,"6":0,"7":0,"8":0,"9":0,"10":0},"b":{"0":[0,0],"1":[0,0],"2":[0,0],"3":[0,0],"4":[0,0]},"_coverageSchema":"1a1c01bbd47fc00a2c39e90264f33305004495a9","hash":"2aaf94f06d054073570339404dfe9747ddd4bf99"}
,"C:\\Users\\juan\\Desktop\\Ferremas-main\\server\\config\\database.js": {"path":"C:\\Users\\juan\\Desktop\\Ferremas-main\\server\\config\\database.js","statementMap":{"0":{"start":{"line":1,"column":22},"end":{"line":1,"column":42}},"1":{"start":{"line":2,"column":0},"end":{"line":2,"column":27}},"2":{"start":{"line":4,"column":18},"end":{"line":14,"column":1}},"3":{"start":{"line":17,"column":23},"end":{"line":26,"column":1}},"4":{"start":{"line":18,"column":2},"end":{"line":25,"column":3}},"5":{"start":{"line":19,"column":4},"end":{"line":19,"column":35}},"6":{"start":{"line":20,"column":4},"end":{"line":20,"column":63}},"7":{"start":{"line":21,"column":4},"end":{"line":21,"column":27}},"8":{"start":{"line":22,"column":4},"end":{"line":22,"column":63}},"9":{"start":{"line":24,"column":4},"end":{"line":24,"column":55}},"10":{"start":{"line":28,"column":0},"end":{"line":28,"column":17}},"11":{"start":{"line":30,"column":0},"end":{"line":30,"column":27}}},"fnMap":{"0":{"name":"(anonymous_0)","decl":{"start":{"line":17,"column":23},"end":{"line":17,"column":24}},"loc":{"start":{"line":17,"column":35},"end":{"line":26,"column":1}},"line":17}},"branchMap":{"0":{"loc":{"start":{"line":5,"column":2},"end":{"line":5,"column":37}},"type":"binary-expr","locations":[{"start":{"line":5,"column":2},"end":{"line":5,"column":21}},{"start":{"line":5,"column":25},"end":{"line":5,"column":37}}],"line":5},"1":{"loc":{"start":{"line":6,"column":2},"end":{"line":6,"column":31}},"type":"binary-expr","locations":[{"start":{"line":6,"column":2},"end":{"line":6,"column":21}},{"start":{"line":6,"column":25},"end":{"line":6,"column":31}}],"line":6},"2":{"loc":{"start":{"line":7,"column":2},"end":{"line":7,"column":31}},"type":"binary-expr","locations":[{"start":{"line":7,"column":2},"end":{"line":7,"column":25}},{"start":{"line":7,"column":29},"end":{"line":7,"column":31}}],"line":7},"3":{"loc":{"start":{"line":9,"column":10},"end":{"line":9,"column":44}},"type":"binary-expr","locations":[{"start":{"line":9,"column":10},"end":{"line":9,"column":29}},{"start":{"line":9,"column":33},"end":{"line":9,"column":44}}],"line":9},"4":{"loc":{"start":{"line":11,"column":10},"end":{"line":11,"column":37}},"type":"binary-expr","locations":[{"start":{"line":11,"column":10},"end":{"line":11,"column":29}},{"start":{"line":11,"column":33},"end":{"line":11,"column":37}}],"line":11}},"s":{"0":3,"1":3,"2":3,"3":3,"4":3,"5":3,"6":0,"7":0,"8":0,"9":0,"10":3,"11":3},"f":{"0":3},"b":{"0":[3,3],"1":[3,3],"2":[3,3],"3":[3,3],"4":[3,3]},"_coverageSchema":"1a1c01bbd47fc00a2c39e90264f33305004495a9","hash":"b2e174254e12963188fac9e59133a01214645f73"}
,"C:\\Users\\juan\\Desktop\\Ferremas-main\\server\\controllers\\mensajeController.js": {"path":"C:\\Users\\juan\\Desktop\\Ferremas-main\\server\\controllers\\mensajeController.js","statementMap":{"0":{"start":{"line":1,"column":16},"end":{"line":1,"column":44}},"1":{"start":{"line":4,"column":0},"end":{"line":22,"column":2}},"2":{"start":{"line":5,"column":53},"end":{"line":5,"column":61}},"3":{"start":{"line":7,"column":2},"end":{"line":9,"column":3}},"4":{"start":{"line":8,"column":4},"end":{"line":8,"column":80}},"5":{"start":{"line":11,"column":2},"end":{"line":21,"column":3}},"6":{"start":{"line":12,"column":25},"end":{"line":16,"column":6}},"7":{"start":{"line":18,"column":4},"end":{"line":18,"column":91}},"8":{"start":{"line":20,"column":4},"end":{"line":20,"column":91}},"9":{"start":{"line":25,"column":0},"end":{"line":32,"column":2}},"10":{"start":{"line":26,"column":2},"end":{"line":31,"column":3}},"11":{"start":{"line":27,"column":21},"end":{"line":27,"column":74}},"12":{"start":{"line":28,"column":4},"end":{"line":28,"column":23}},"13":{"start":{"line":30,"column":4},"end":{"line":30,"column":93}}},"fnMap":{"0":{"name":"(anonymous_0)","decl":{"start":{"line":4,"column":23},"end":{"line":4,"column":24}},"loc":{"start":{"line":4,"column":43},"end":{"line":22,"column":1}},"line":4},"1":{"name":"(anonymous_1)","decl":{"start":{"line":25,"column":22},"end":{"line":25,"column":23}},"loc":{"start":{"line":25,"column":42},"end":{"line":32,"column":1}},"line":25}},"branchMap":{"0":{"loc":{"start":{"line":7,"column":2},"end":{"line":9,"column":3}},"type":"if","locations":[{"start":{"line":7,"column":2},"end":{"line":9,"column":3}},{"start":{},"end":{}}],"line":7},"1":{"loc":{"start":{"line":7,"column":6},"end":{"line":7,"column":51}},"type":"binary-expr","locations":[{"start":{"line":7,"column":6},"end":{"line":7,"column":21}},{"start":{"line":7,"column":25},"end":{"line":7,"column":39}},{"start":{"line":7,"column":43},"end":{"line":7,"column":51}}],"line":7}},"s":{"0":3,"1":3,"2":0,"3":0,"4":0,"5":0,"6":0,"7":0,"8":0,"9":3,"10":0,"11":0,"12":0,"13":0},"f":{"0":0,"1":0},"b":{"0":[0,0],"1":[0,0,0]},"_coverageSchema":"1a1c01bbd47fc00a2c39e90264f33305004495a9","hash":"f018dd8ac5fd479afa5890a669b0af95bbc4c667"}
,"C:\\Users\\juan\\Desktop\\Ferremas-main\\server\\controllers\\productController.js": {"path":"C:\\Users\\juan\\Desktop\\Ferremas-main\\server\\controllers\\productController.js","statementMap":{"0":{"start":{"line":1,"column":16},"end":{"line":1,"column":44}},"1":{"start":{"line":2,"column":15},"end":{"line":2,"column":35}},"2":{"start":{"line":4,"column":28},"end":{"line":26,"column":1}},"3":{"start":{"line":5,"column":17},"end":{"line":5,"column":19}},"4":{"start":{"line":6,"column":2},"end":{"line":8,"column":3}},"5":{"start":{"line":7,"column":4},"end":{"line":7,"column":52}},"6":{"start":{"line":9,"column":2},"end":{"line":11,"column":3}},"7":{"start":{"line":10,"column":4},"end":{"line":10,"column":52}},"8":{"start":{"line":12,"column":2},"end":{"line":16,"column":3}},"9":{"start":{"line":13,"column":4},"end":{"line":13,"column":73}},"10":{"start":{"line":14,"column":9},"end":{"line":16,"column":3}},"11":{"start":{"line":15,"column":4},"end":{"line":15,"column":48}},"12":{"start":{"line":17,"column":2},"end":{"line":21,"column":3}},"13":{"start":{"line":18,"column":4},"end":{"line":18,"column":79}},"14":{"start":{"line":19,"column":9},"end":{"line":21,"column":3}},"15":{"start":{"line":20,"column":4},"end":{"line":20,"column":50}},"16":{"start":{"line":22,"column":2},"end":{"line":24,"column":3}},"17":{"start":{"line":23,"column":4},"end":{"line":23,"column":55}},"18":{"start":{"line":25,"column":2},"end":{"line":25,"column":16}},"19":{"start":{"line":28,"column":0},"end":{"line":36,"column":2}},"20":{"start":{"line":29,"column":2},"end":{"line":35,"column":3}},"21":{"start":{"line":30,"column":20},"end":{"line":30,"column":83}},"22":{"start":{"line":31,"column":4},"end":{"line":31,"column":100}},"23":{"start":{"line":31,"column":18},"end":{"line":31,"column":100}},"24":{"start":{"line":32,"column":4},"end":{"line":32,"column":22}},"25":{"start":{"line":34,"column":4},"end":{"line":34,"column":53}},"26":{"start":{"line":38,"column":0},"end":{"line":46,"column":2}},"27":{"start":{"line":39,"column":2},"end":{"line":45,"column":3}},"28":{"start":{"line":40,"column":20},"end":{"line":40,"column":57}},"29":{"start":{"line":41,"column":4},"end":{"line":41,"column":85}},"30":{"start":{"line":41,"column":18},"end":{"line":41,"column":85}},"31":{"start":{"line":42,"column":4},"end":{"line":42,"column":22}},"32":{"start":{"line":44,"column":4},"end":{"line":44,"column":53}},"33":{"start":{"line":48,"column":0},"end":{"line":90,"column":2}},"34":{"start":{"line":49,"column":2},"end":{"line":89,"column":3}},"35":{"start":{"line":50,"column":29},"end":{"line":50,"column":58}},"36":{"start":{"line":51,"column":4},"end":{"line":56,"column":5}},"37":{"start":{"line":52,"column":6},"end":{"line":55,"column":9}},"38":{"start":{"line":58,"column":24},"end":{"line":67,"column":5}},"39":{"start":{"line":69,"column":20},"end":{"line":69,"column":53}},"40":{"start":{"line":71,"column":4},"end":{"line":74,"column":7}},"41":{"start":{"line":77,"column":4},"end":{"line":77,"column":52}},"42":{"start":{"line":79,"column":4},"end":{"line":83,"column":5}},"43":{"start":{"line":80,"column":6},"end":{"line":82,"column":9}},"44":{"start":{"line":85,"column":4},"end":{"line":88,"column":7}},"45":{"start":{"line":92,"column":0},"end":{"line":105,"column":2}},"46":{"start":{"line":93,"column":2},"end":{"line":104,"column":3}},"47":{"start":{"line":94,"column":22},"end":{"line":96,"column":6}},"48":{"start":{"line":97,"column":4},"end":{"line":100,"column":5}},"49":{"start":{"line":98,"column":29},"end":{"line":98,"column":66}},"50":{"start":{"line":99,"column":6},"end":{"line":99,"column":38}},"51":{"start":{"line":101,"column":4},"end":{"line":101,"column":46}},"52":{"start":{"line":103,"column":4},"end":{"line":103,"column":53}},"53":{"start":{"line":107,"column":0},"end":{"line":119,"column":2}},"54":{"start":{"line":108,"column":2},"end":{"line":118,"column":3}},"55":{"start":{"line":109,"column":20},"end":{"line":111,"column":6}},"56":{"start":{"line":112,"column":4},"end":{"line":114,"column":5}},"57":{"start":{"line":113,"column":6},"end":{"line":113,"column":57}},"58":{"start":{"line":115,"column":4},"end":{"line":115,"column":46}},"59":{"start":{"line":117,"column":4},"end":{"line":117,"column":53}},"60":{"start":{"line":122,"column":0},"end":{"line":141,"column":2}},"61":{"start":{"line":123,"column":20},"end":{"line":123,"column":40}},"62":{"start":{"line":124,"column":2},"end":{"line":140,"column":3}},"63":{"start":{"line":125,"column":21},"end":{"line":131,"column":6}},"64":{"start":{"line":133,"column":4},"end":{"line":135,"column":5}},"65":{"start":{"line":134,"column":6},"end":{"line":134,"column":95}},"66":{"start":{"line":137,"column":4},"end":{"line":137,"column":23}},"67":{"start":{"line":139,"column":4},"end":{"line":139,"column":53}},"68":{"start":{"line":144,"column":0},"end":{"line":159,"column":2}},"69":{"start":{"line":145,"column":14},"end":{"line":145,"column":43}},"70":{"start":{"line":146,"column":2},"end":{"line":158,"column":3}},"71":{"start":{"line":147,"column":21},"end":{"line":153,"column":6}},"72":{"start":{"line":155,"column":4},"end":{"line":155,"column":23}},"73":{"start":{"line":157,"column":4},"end":{"line":157,"column":53}},"74":{"start":{"line":162,"column":0},"end":{"line":205,"column":2}},"75":{"start":{"line":163,"column":2},"end":{"line":204,"column":3}},"76":{"start":{"line":164,"column":66},"end":{"line":164,"column":75}},"77":{"start":{"line":166,"column":24},"end":{"line":166,"column":26}},"78":{"start":{"line":168,"column":4},"end":{"line":170,"column":5}},"79":{"start":{"line":169,"column":6},"end":{"line":169,"column":54}},"80":{"start":{"line":172,"column":4},"end":{"line":174,"column":5}},"81":{"start":{"line":173,"column":6},"end":{"line":173,"column":39}},"82":{"start":{"line":176,"column":4},"end":{"line":178,"column":5}},"83":{"start":{"line":177,"column":6},"end":{"line":177,"column":55}},"84":{"start":{"line":180,"column":16},"end":{"line":180,"column":18}},"85":{"start":{"line":181,"column":4},"end":{"line":189,"column":5}},"86":{"start":{"line":182,"column":33},"end":{"line":182,"column":48}},"87":{"start":{"line":183,"column":26},"end":{"line":183,"column":45}},"88":{"start":{"line":184,"column":30},"end":{"line":184,"column":45}},"89":{"start":{"line":186,"column":6},"end":{"line":188,"column":7}},"90":{"start":{"line":187,"column":8},"end":{"line":187,"column":51}},"91":{"start":{"line":191,"column":19},"end":{"line":191,"column":57}},"92":{"start":{"line":193,"column":21},"end":{"line":198,"column":6}},"93":{"start":{"line":200,"column":4},"end":{"line":200,"column":23}},"94":{"start":{"line":202,"column":4},"end":{"line":202,"column":53}},"95":{"start":{"line":203,"column":4},"end":{"line":203,"column":53}}},"fnMap":{"0":{"name":"(anonymous_0)","decl":{"start":{"line":4,"column":28},"end":{"line":4,"column":29}},"loc":{"start":{"line":4,"column":38},"end":{"line":26,"column":1}},"line":4},"1":{"name":"(anonymous_1)","decl":{"start":{"line":28,"column":29},"end":{"line":28,"column":30}},"loc":{"start":{"line":28,"column":49},"end":{"line":36,"column":1}},"line":28},"2":{"name":"(anonymous_2)","decl":{"start":{"line":38,"column":25},"end":{"line":38,"column":26}},"loc":{"start":{"line":38,"column":45},"end":{"line":46,"column":1}},"line":38},"3":{"name":"(anonymous_3)","decl":{"start":{"line":48,"column":24},"end":{"line":48,"column":25}},"loc":{"start":{"line":48,"column":44},"end":{"line":90,"column":1}},"line":48},"4":{"name":"(anonymous_4)","decl":{"start":{"line":92,"column":24},"end":{"line":92,"column":25}},"loc":{"start":{"line":92,"column":44},"end":{"line":105,"column":1}},"line":92},"5":{"name":"(anonymous_5)","decl":{"start":{"line":107,"column":24},"end":{"line":107,"column":25}},"loc":{"start":{"line":107,"column":44},"end":{"line":119,"column":1}},"line":107},"6":{"name":"(anonymous_6)","decl":{"start":{"line":122,"column":33},"end":{"line":122,"column":34}},"loc":{"start":{"line":122,"column":53},"end":{"line":141,"column":1}},"line":122},"7":{"name":"(anonymous_7)","decl":{"start":{"line":144,"column":34},"end":{"line":144,"column":35}},"loc":{"start":{"line":144,"column":54},"end":{"line":159,"column":1}},"line":144},"8":{"name":"(anonymous_8)","decl":{"start":{"line":162,"column":25},"end":{"line":162,"column":26}},"loc":{"start":{"line":162,"column":45},"end":{"line":205,"column":1}},"line":162}},"branchMap":{"0":{"loc":{"start":{"line":6,"column":2},"end":{"line":8,"column":3}},"type":"if","locations":[{"start":{"line":6,"column":2},"end":{"line":8,"column":3}},{"start":{},"end":{}}],"line":6},"1":{"loc":{"start":{"line":6,"column":6},"end":{"line":6,"column":47}},"type":"binary-expr","locations":[{"start":{"line":6,"column":6},"end":{"line":6,"column":18}},{"start":{"line":6,"column":22},"end":{"line":6,"column":47}}],"line":6},"2":{"loc":{"start":{"line":9,"column":2},"end":{"line":11,"column":3}},"type":"if","locations":[{"start":{"line":9,"column":2},"end":{"line":11,"column":3}},{"start":{},"end":{}}],"line":9},"3":{"loc":{"start":{"line":9,"column":6},"end":{"line":9,"column":47}},"type":"binary-expr","locations":[{"start":{"line":9,"column":6},"end":{"line":9,"column":18}},{"start":{"line":9,"column":22},"end":{"line":9,"column":47}}],"line":9},"4":{"loc":{"start":{"line":12,"column":2},"end":{"line":16,"column":3}},"type":"if","locations":[{"start":{"line":12,"column":2},"end":{"line":16,"column":3}},{"start":{"line":14,"column":9},"end":{"line":16,"column":3}}],"line":12},"5":{"loc":{"start":{"line":12,"column":6},"end":{"line":12,"column":40}},"type":"binary-expr","locations":[{"start":{"line":12,"column":6},"end":{"line":12,"column":18}},{"start":{"line":12,"column":22},"end":{"line":12,"column":40}}],"line":12},"6":{"loc":{"start":{"line":14,"column":9},"end":{"line":16,"column":3}},"type":"if","locations":[{"start":{"line":14,"column":9},"end":{"line":16,"column":3}},{"start":{},"end":{}}],"line":14},"7":{"loc":{"start":{"line":17,"column":2},"end":{"line":21,"column":3}},"type":"if","locations":[{"start":{"line":17,"column":2},"end":{"line":21,"column":3}},{"start":{"line":19,"column":9},"end":{"line":21,"column":3}}],"line":17},"8":{"loc":{"start":{"line":17,"column":6},"end":{"line":17,"column":38}},"type":"binary-expr","locations":[{"start":{"line":17,"column":6},"end":{"line":17,"column":17}},{"start":{"line":17,"column":21},"end":{"line":17,"column":38}}],"line":17},"9":{"loc":{"start":{"line":19,"column":9},"end":{"line":21,"column":3}},"type":"if","locations":[{"start":{"line":19,"column":9},"end":{"line":21,"column":3}},{"start":{},"end":{}}],"line":19},"10":{"loc":{"start":{"line":22,"column":2},"end":{"line":24,"column":3}},"type":"if","locations":[{"start":{"line":22,"column":2},"end":{"line":24,"column":3}},{"start":{},"end":{}}],"line":22},"11":{"loc":{"start":{"line":22,"column":6},"end":{"line":22,"column":53}},"type":"binary-expr","locations":[{"start":{"line":22,"column":6},"end":{"line":22,"column":21}},{"start":{"line":22,"column":25},"end":{"line":22,"column":53}}],"line":22},"12":{"loc":{"start":{"line":31,"column":4},"end":{"line":31,"column":100}},"type":"if","locations":[{"start":{"line":31,"column":4},"end":{"line":31,"column":100}},{"start":{},"end":{}}],"line":31},"13":{"loc":{"start":{"line":41,"column":4},"end":{"line":41,"column":85}},"type":"if","locations":[{"start":{"line":41,"column":4},"end":{"line":41,"column":85}},{"start":{},"end":{}}],"line":41},"14":{"loc":{"start":{"line":51,"column":4},"end":{"line":56,"column":5}},"type":"if","locations":[{"start":{"line":51,"column":4},"end":{"line":56,"column":5}},{"start":{},"end":{}}],"line":51},"15":{"loc":{"start":{"line":61,"column":19},"end":{"line":61,"column":55}},"type":"binary-expr","locations":[{"start":{"line":61,"column":19},"end":{"line":61,"column":47}},{"start":{"line":61,"column":51},"end":{"line":61,"column":55}}],"line":61},"16":{"loc":{"start":{"line":65,"column":14},"end":{"line":65,"column":45}},"type":"binary-expr","locations":[{"start":{"line":65,"column":14},"end":{"line":65,"column":37}},{"start":{"line":65,"column":41},"end":{"line":65,"column":45}}],"line":65},"17":{"loc":{"start":{"line":79,"column":4},"end":{"line":83,"column":5}},"type":"if","locations":[{"start":{"line":79,"column":4},"end":{"line":83,"column":5}},{"start":{},"end":{}}],"line":79},"18":{"loc":{"start":{"line":87,"column":13},"end":{"line":87,"column":79}},"type":"cond-expr","locations":[{"start":{"line":87,"column":54},"end":{"line":87,"column":67}},{"start":{"line":87,"column":70},"end":{"line":87,"column":79}}],"line":87},"19":{"loc":{"start":{"line":97,"column":4},"end":{"line":100,"column":5}},"type":"if","locations":[{"start":{"line":97,"column":4},"end":{"line":100,"column":5}},{"start":{},"end":{}}],"line":97},"20":{"loc":{"start":{"line":112,"column":4},"end":{"line":114,"column":5}},"type":"if","locations":[{"start":{"line":112,"column":4},"end":{"line":114,"column":5}},{"start":{},"end":{}}],"line":112},"21":{"loc":{"start":{"line":133,"column":4},"end":{"line":135,"column":5}},"type":"if","locations":[{"start":{"line":133,"column":4},"end":{"line":135,"column":5}},{"start":{},"end":{}}],"line":133},"22":{"loc":{"start":{"line":145,"column":14},"end":{"line":145,"column":43}},"type":"binary-expr","locations":[{"start":{"line":145,"column":14},"end":{"line":145,"column":37}},{"start":{"line":145,"column":41},"end":{"line":145,"column":43}}],"line":145},"23":{"loc":{"start":{"line":164,"column":35},"end":{"line":164,"column":43}},"type":"default-arg","locations":[{"start":{"line":164,"column":42},"end":{"line":164,"column":43}}],"line":164},"24":{"loc":{"start":{"line":164,"column":45},"end":{"line":164,"column":55}},"type":"default-arg","locations":[{"start":{"line":164,"column":53},"end":{"line":164,"column":55}}],"line":164},"25":{"loc":{"start":{"line":168,"column":4},"end":{"line":170,"column":5}},"type":"if","locations":[{"start":{"line":168,"column":4},"end":{"line":170,"column":5}},{"start":{},"end":{}}],"line":168},"26":{"loc":{"start":{"line":172,"column":4},"end":{"line":174,"column":5}},"type":"if","locations":[{"start":{"line":172,"column":4},"end":{"line":174,"column":5}},{"start":{},"end":{}}],"line":172},"27":{"loc":{"start":{"line":176,"column":4},"end":{"line":178,"column":5}},"type":"if","locations":[{"start":{"line":176,"column":4},"end":{"line":178,"column":5}},{"start":{},"end":{}}],"line":176},"28":{"loc":{"start":{"line":181,"column":4},"end":{"line":189,"column":5}},"type":"if","locations":[{"start":{"line":181,"column":4},"end":{"line":189,"column":5}},{"start":{},"end":{}}],"line":181},"29":{"loc":{"start":{"line":186,"column":6},"end":{"line":188,"column":7}},"type":"if","locations":[{"start":{"line":186,"column":6},"end":{"line":188,"column":7}},{"start":{},"end":{}}],"line":186},"30":{"loc":{"start":{"line":186,"column":10},"end":{"line":186,"column":76}},"type":"binary-expr","locations":[{"start":{"line":186,"column":10},"end":{"line":186,"column":37}},{"start":{"line":186,"column":41},"end":{"line":186,"column":76}}],"line":186}},"s":{"0":3,"1":3,"2":3,"3":0,"4":0,"5":0,"6":0,"7":0,"8":0,"9":0,"10":0,"11":0,"12":0,"13":0,"14":0,"15":0,"16":0,"17":0,"18":0,"19":3,"20":0,"21":0,"22":0,"23":0,"24":0,"25":0,"26":3,"27":0,"28":0,"29":0,"30":0,"31":0,"32":0,"33":3,"34":0,"35":0,"36":0,"37":0,"38":0,"39":0,"40":0,"41":0,"42":0,"43":0,"44":0,"45":3,"46":0,"47":0,"48":0,"49":0,"50":0,"51":0,"52":0,"53":3,"54":0,"55":0,"56":0,"57":0,"58":0,"59":0,"60":3,"61":0,"62":0,"63":0,"64":0,"65":0,"66":0,"67":0,"68":3,"69":0,"70":0,"71":0,"72":0,"73":0,"74":3,"75":0,"76":0,"77":0,"78":0,"79":0,"80":0,"81":0,"82":0,"83":0,"84":0,"85":0,"86":0,"87":0,"88":0,"89":0,"90":0,"91":0,"92":0,"93":0,"94":0,"95":0},"f":{"0":0,"1":0,"2":0,"3":0,"4":0,"5":0,"6":0,"7":0,"8":0},"b":{"0":[0,0],"1":[0,0],"2":[0,0],"3":[0,0],"4":[0,0],"5":[0,0],"6":[0,0],"7":[0,0],"8":[0,0],"9":[0,0],"10":[0,0],"11":[0,0],"12":[0,0],"13":[0,0],"14":[0,0],"15":[0,0],"16":[0,0],"17":[0,0],"18":[0,0],"19":[0,0],"20":[0,0],"21":[0,0],"22":[0,0],"23":[0],"24":[0],"25":[0,0],"26":[0,0],"27":[0,0],"28":[0,0],"29":[0,0],"30":[0,0]},"_coverageSchema":"1a1c01bbd47fc00a2c39e90264f33305004495a9","hash":"cc8ee2f1c5d73b75bf882709663eb171f1adb9df"}
,"C:\\Users\\juan\\Desktop\\Ferremas-main\\server\\models\\Mensaje.js": {"path":"C:\\Users\\juan\\Desktop\\Ferremas-main\\server\\models\\Mensaje.js","statementMap":{"0":{"start":{"line":1,"column":22},"end":{"line":1,"column":42}},"1":{"start":{"line":2,"column":18},"end":{"line":2,"column":47}},"2":{"start":{"line":4,"column":16},"end":{"line":24,"column":2}},"3":{"start":{"line":26,"column":0},"end":{"line":26,"column":25}}},"fnMap":{},"branchMap":{},"s":{"0":3,"1":3,"2":3,"3":3},"f":{},"b":{},"_coverageSchema":"1a1c01bbd47fc00a2c39e90264f33305004495a9","hash":"34852ca1995027182011363b61782c5f0b8aae3a"}
,"C:\\Users\\juan\\Desktop\\Ferremas-main\\server\\models\\Product.js": {"path":"C:\\Users\\juan\\Desktop\\Ferremas-main\\server\\models\\Product.js","statementMap":{"0":{"start":{"line":1,"column":22},"end":{"line":1,"column":42}},"1":{"start":{"line":2,"column":18},"end":{"line":2,"column":47}},"2":{"start":{"line":3,"column":17},"end":{"line":3,"column":38}},"3":{"start":{"line":6,"column":16},"end":{"line":43,"column":2}},"4":{"start":{"line":45,"column":0},"end":{"line":45,"column":56}},"5":{"start":{"line":46,"column":0},"end":{"line":46,"column":58}},"6":{"start":{"line":48,"column":0},"end":{"line":48,"column":25}}},"fnMap":{},"branchMap":{},"s":{"0":3,"1":3,"2":3,"3":3,"4":3,"5":3,"6":3},"f":{},"b":{},"_coverageSchema":"1a1c01bbd47fc00a2c39e90264f33305004495a9","hash":"a3df7658ecbfdb23e557eed7432788d40be42a02"}
,"C:\\Users\\juan\\Desktop\\Ferremas-main\\server\\models\\Sucursal.js": {"path":"C:\\Users\\juan\\Desktop\\Ferremas-main\\server\\models\\Sucursal.js","statementMap":{"0":{"start":{"line":2,"column":22},"end":{"line":2,"column":42}},"1":{"start":{"line":3,"column":18},"end":{"line":3,"column":47}},"2":{"start":{"line":5,"column":17},"end":{"line":22,"column":2}},"3":{"start":{"line":24,"column":0},"end":{"line":24,"column":26}}},"fnMap":{},"branchMap":{},"s":{"0":3,"1":3,"2":3,"3":3},"f":{},"b":{},"_coverageSchema":"1a1c01bbd47fc00a2c39e90264f33305004495a9","hash":"187d38bdbed2105764d9826114e29ed5139faca9"}
,"C:\\Users\\juan\\Desktop\\Ferremas-main\\server\\models\\WebpayTransaction.js": {"path":"C:\\Users\\juan\\Desktop\\Ferremas-main\\server\\models\\WebpayTransaction.js","statementMap":{"0":{"start":{"line":2,"column":22},"end":{"line":2,"column":42}},"1":{"start":{"line":3,"column":18},"end":{"line":3,"column":47}},"2":{"start":{"line":5,"column":26},"end":{"line":37,"column":2}},"3":{"start":{"line":39,"column":0},"end":{"line":39,"column":35}}},"fnMap":{},"branchMap":{},"s":{"0":3,"1":3,"2":3,"3":3},"f":{},"b":{},"_coverageSchema":"1a1c01bbd47fc00a2c39e90264f33305004495a9","hash":"37219593936d28cad4c46348f9a17d3fa6456ab5"}
,"C:\\Users\\juan\\Desktop\\Ferremas-main\\server\\routes\\bcchRoutes.js": {"path":"C:\\Users\\juan\\Desktop\\Ferremas-main\\server\\routes\\bcchRoutes.js","statementMap":{"0":{"start":{"line":1,"column":16},"end":{"line":1,"column":34}},"1":{"start":{"line":2,"column":15},"end":{"line":2,"column":31}},"2":{"start":{"line":3,"column":30},"end":{"line":3,"column":64}},"3":{"start":{"line":6,"column":0},"end":{"line":13,"column":3}},"4":{"start":{"line":7,"column":4},"end":{"line":12,"column":5}},"5":{"start":{"line":8,"column":22},"end":{"line":8,"column":47}},"6":{"start":{"line":9,"column":8},"end":{"line":9,"column":40}},"7":{"start":{"line":11,"column":8},"end":{"line":11,"column":79}},"8":{"start":{"line":16,"column":0},"end":{"line":34,"column":3}},"9":{"start":{"line":17,"column":25},"end":{"line":17,"column":34}},"10":{"start":{"line":18,"column":4},"end":{"line":20,"column":5}},"11":{"start":{"line":19,"column":8},"end":{"line":19,"column":85}},"12":{"start":{"line":22,"column":4},"end":{"line":33,"column":5}},"13":{"start":{"line":23,"column":22},"end":{"line":23,"column":47}},"14":{"start":{"line":24,"column":26},"end":{"line":24,"column":54}},"15":{"start":{"line":25,"column":8},"end":{"line":30,"column":11}},"16":{"start":{"line":32,"column":8},"end":{"line":32,"column":66}},"17":{"start":{"line":37,"column":0},"end":{"line":55,"column":3}},"18":{"start":{"line":38,"column":25},"end":{"line":38,"column":34}},"19":{"start":{"line":39,"column":4},"end":{"line":41,"column":5}},"20":{"start":{"line":40,"column":8},"end":{"line":40,"column":85}},"21":{"start":{"line":43,"column":4},"end":{"line":54,"column":5}},"22":{"start":{"line":44,"column":22},"end":{"line":44,"column":47}},"23":{"start":{"line":45,"column":26},"end":{"line":45,"column":54}},"24":{"start":{"line":46,"column":8},"end":{"line":51,"column":11}},"25":{"start":{"line":53,"column":8},"end":{"line":53,"column":66}},"26":{"start":{"line":57,"column":0},"end":{"line":57,"column":24}}},"fnMap":{"0":{"name":"(anonymous_0)","decl":{"start":{"line":6,"column":21},"end":{"line":6,"column":22}},"loc":{"start":{"line":6,"column":41},"end":{"line":13,"column":1}},"line":6},"1":{"name":"(anonymous_1)","decl":{"start":{"line":16,"column":26},"end":{"line":16,"column":27}},"loc":{"start":{"line":16,"column":46},"end":{"line":34,"column":1}},"line":16},"2":{"name":"(anonymous_2)","decl":{"start":{"line":37,"column":26},"end":{"line":37,"column":27}},"loc":{"start":{"line":37,"column":46},"end":{"line":55,"column":1}},"line":37}},"branchMap":{"0":{"loc":{"start":{"line":18,"column":4},"end":{"line":20,"column":5}},"type":"if","locations":[{"start":{"line":18,"column":4},"end":{"line":20,"column":5}},{"start":{},"end":{}}],"line":18},"1":{"loc":{"start":{"line":18,"column":8},"end":{"line":18,"column":36}},"type":"binary-expr","locations":[{"start":{"line":18,"column":8},"end":{"line":18,"column":17}},{"start":{"line":18,"column":21},"end":{"line":18,"column":36}}],"line":18},"2":{"loc":{"start":{"line":39,"column":4},"end":{"line":41,"column":5}},"type":"if","locations":[{"start":{"line":39,"column":4},"end":{"line":41,"column":5}},{"start":{},"end":{}}],"line":39},"3":{"loc":{"start":{"line":39,"column":8},"end":{"line":39,"column":36}},"type":"binary-expr","locations":[{"start":{"line":39,"column":8},"end":{"line":39,"column":17}},{"start":{"line":39,"column":21},"end":{"line":39,"column":36}}],"line":39}},"s":{"0":3,"1":3,"2":3,"3":3,"4":0,"5":0,"6":0,"7":0,"8":3,"9":0,"10":0,"11":0,"12":0,"13":0,"14":0,"15":0,"16":0,"17":3,"18":0,"19":0,"20":0,"21":0,"22":0,"23":0,"24":0,"25":0,"26":3},"f":{"0":0,"1":0,"2":0},"b":{"0":[0,0],"1":[0,0],"2":[0,0],"3":[0,0]},"_coverageSchema":"1a1c01bbd47fc00a2c39e90264f33305004495a9","hash":"f2ca6fcf9e22b450424937c0e4bfec3cc3d5f00d"}
,"C:\\Users\\juan\\Desktop\\Ferremas-main\\server\\routes\\mensajeRoutes.js": {"path":"C:\\Users\\juan\\Desktop\\Ferremas-main\\server\\routes\\mensajeRoutes.js","statementMap":{"0":{"start":{"line":1,"column":16},"end":{"line":1,"column":34}},"1":{"start":{"line":2,"column":15},"end":{"line":2,"column":31}},"2":{"start":{"line":3,"column":26},"end":{"line":3,"column":69}},"3":{"start":{"line":5,"column":0},"end":{"line":5,"column":49}},"4":{"start":{"line":6,"column":0},"end":{"line":6,"column":47}},"5":{"start":{"line":8,"column":0},"end":{"line":8,"column":24}}},"fnMap":{},"branchMap":{},"s":{"0":3,"1":3,"2":3,"3":3,"4":3,"5":3},"f":{},"b":{},"_coverageSchema":"1a1c01bbd47fc00a2c39e90264f33305004495a9","hash":"7858e0da2d2fd99f5900900cfa95232808e7c85a"}
,"C:\\Users\\juan\\Desktop\\Ferremas-main\\server\\routes\\productRoutes.js": {"path":"C:\\Users\\juan\\Desktop\\Ferremas-main\\server\\routes\\productRoutes.js","statementMap":{"0":{"start":{"line":1,"column":16},"end":{"line":1,"column":34}},"1":{"start":{"line":2,"column":15},"end":{"line":2,"column":31}},"2":{"start":{"line":3,"column":26},"end":{"line":3,"column":69}},"3":{"start":{"line":5,"column":0},"end":{"line":5,"column":50}},"4":{"start":{"line":6,"column":0},"end":{"line":6,"column":53}},"5":{"start":{"line":7,"column":0},"end":{"line":7,"column":68}},"6":{"start":{"line":8,"column":0},"end":{"line":8,"column":50}},"7":{"start":{"line":9,"column":0},"end":{"line":9,"column":52}},"8":{"start":{"line":10,"column":0},"end":{"line":10,"column":55}},"9":{"start":{"line":11,"column":0},"end":{"line":11,"column":78}},"10":{"start":{"line":12,"column":0},"end":{"line":12,"column":69}},"11":{"start":{"line":14,"column":0},"end":{"line":14,"column":24}}},"fnMap":{},"branchMap":{},"s":{"0":3,"1":3,"2":3,"3":3,"4":3,"5":3,"6":3,"7":3,"8":3,"9":3,"10":3,"11":3},"f":{},"b":{},"_coverageSchema":"1a1c01bbd47fc00a2c39e90264f33305004495a9","hash":"502f95994b916a67001c49f8e15af9c892e4aeee"}
,"C:\\Users\\juan\\Desktop\\Ferremas-main\\server\\routes\\sucursalRoutes.js": {"path":"C:\\Users\\juan\\Desktop\\Ferremas-main\\server\\routes\\sucursalRoutes.js","statementMap":{"0":{"start":{"line":1,"column":16},"end":{"line":1,"column":34}},"1":{"start":{"line":2,"column":15},"end":{"line":2,"column":31}},"2":{"start":{"line":3,"column":17},"end":{"line":3,"column":46}},"3":{"start":{"line":6,"column":0},"end":{"line":13,"column":3}},"4":{"start":{"line":7,"column":2},"end":{"line":12,"column":3}},"5":{"start":{"line":8,"column":18},"end":{"line":8,"column":49}},"6":{"start":{"line":9,"column":4},"end":{"line":9,"column":20}},"7":{"start":{"line":11,"column":4},"end":{"line":11,"column":77}},"8":{"start":{"line":16,"column":0},"end":{"line":23,"column":3}},"9":{"start":{"line":17,"column":2},"end":{"line":22,"column":3}},"10":{"start":{"line":18,"column":23},"end":{"line":18,"column":47}},"11":{"start":{"line":19,"column":4},"end":{"line":19,"column":25}},"12":{"start":{"line":21,"column":4},"end":{"line":21,"column":66}},"13":{"start":{"line":25,"column":0},"end":{"line":25,"column":24}}},"fnMap":{"0":{"name":"(anonymous_0)","decl":{"start":{"line":6,"column":17},"end":{"line":6,"column":18}},"loc":{"start":{"line":6,"column":37},"end":{"line":13,"column":1}},"line":6},"1":{"name":"(anonymous_1)","decl":{"start":{"line":16,"column":16},"end":{"line":16,"column":17}},"loc":{"start":{"line":16,"column":36},"end":{"line":23,"column":1}},"line":16}},"branchMap":{},"s":{"0":3,"1":3,"2":3,"3":3,"4":0,"5":0,"6":0,"7":0,"8":3,"9":0,"10":0,"11":0,"12":0,"13":3},"f":{"0":0,"1":0},"b":{},"_coverageSchema":"1a1c01bbd47fc00a2c39e90264f33305004495a9","hash":"1ec799fd474d36ffa1877cf0e5124d472766ced6"}
,"C:\\Users\\juan\\Desktop\\Ferremas-main\\server\\routes\\webpay.routes.js": {"path":"C:\\Users\\juan\\Desktop\\Ferremas-main\\server\\routes\\webpay.routes.js","statementMap":{"0":{"start":{"line":1,"column":16},"end":{"line":1,"column":34}},"1":{"start":{"line":2,"column":15},"end":{"line":2,"column":31}},"2":{"start":{"line":3,"column":22},"end":{"line":3,"column":58}},"3":{"start":{"line":6,"column":0},"end":{"line":8,"column":3}},"4":{"start":{"line":7,"column":2},"end":{"line":7,"column":52}},"5":{"start":{"line":11,"column":0},"end":{"line":29,"column":3}},"6":{"start":{"line":12,"column":53},"end":{"line":12,"column":61}},"7":{"start":{"line":14,"column":2},"end":{"line":16,"column":3}},"8":{"start":{"line":15,"column":4},"end":{"line":15,"column":74}},"9":{"start":{"line":18,"column":2},"end":{"line":28,"column":3}},"10":{"start":{"line":19,"column":19},"end":{"line":19,"column":97}},"11":{"start":{"line":20,"column":4},"end":{"line":24,"column":7}},"12":{"start":{"line":26,"column":4},"end":{"line":26,"column":60}},"13":{"start":{"line":27,"column":4},"end":{"line":27,"column":84}},"14":{"start":{"line":32,"column":0},"end":{"line":49,"column":3}},"15":{"start":{"line":33,"column":20},"end":{"line":33,"column":30}},"16":{"start":{"line":35,"column":2},"end":{"line":37,"column":3}},"17":{"start":{"line":36,"column":4},"end":{"line":36,"column":63}},"18":{"start":{"line":39,"column":2},"end":{"line":48,"column":3}},"19":{"start":{"line":40,"column":19},"end":{"line":40,"column":66}},"20":{"start":{"line":41,"column":4},"end":{"line":44,"column":7}},"21":{"start":{"line":46,"column":4},"end":{"line":46,"column":62}},"22":{"start":{"line":47,"column":4},"end":{"line":47,"column":93}},"23":{"start":{"line":52,"column":0},"end":{"line":69,"column":3}},"24":{"start":{"line":53,"column":20},"end":{"line":53,"column":30}},"25":{"start":{"line":55,"column":2},"end":{"line":57,"column":3}},"26":{"start":{"line":56,"column":4},"end":{"line":56,"column":63}},"27":{"start":{"line":59,"column":2},"end":{"line":68,"column":3}},"28":{"start":{"line":60,"column":19},"end":{"line":60,"column":70}},"29":{"start":{"line":61,"column":4},"end":{"line":64,"column":7}},"30":{"start":{"line":66,"column":4},"end":{"line":66,"column":64}},"31":{"start":{"line":67,"column":4},"end":{"line":67,"column":88}},"32":{"start":{"line":71,"column":0},"end":{"line":71,"column":24}}},"fnMap":{"0":{"name":"(anonymous_0)","decl":{"start":{"line":6,"column":22},"end":{"line":6,"column":23}},"loc":{"start":{"line":6,"column":36},"end":{"line":8,"column":1}},"line":6},"1":{"name":"(anonymous_1)","decl":{"start":{"line":11,"column":24},"end":{"line":11,"column":25}},"loc":{"start":{"line":11,"column":44},"end":{"line":29,"column":1}},"line":11},"2":{"name":"(anonymous_2)","decl":{"start":{"line":32,"column":32},"end":{"line":32,"column":33}},"loc":{"start":{"line":32,"column":52},"end":{"line":49,"column":1}},"line":32},"3":{"name":"(anonymous_3)","decl":{"start":{"line":52,"column":29},"end":{"line":52,"column":30}},"loc":{"start":{"line":52,"column":49},"end":{"line":69,"column":1}},"line":52}},"branchMap":{"0":{"loc":{"start":{"line":14,"column":2},"end":{"line":16,"column":3}},"type":"if","locations":[{"start":{"line":14,"column":2},"end":{"line":16,"column":3}},{"start":{},"end":{}}],"line":14},"1":{"loc":{"start":{"line":14,"column":6},"end":{"line":14,"column":54}},"type":"binary-expr","locations":[{"start":{"line":14,"column":6},"end":{"line":14,"column":15}},{"start":{"line":14,"column":19},"end":{"line":14,"column":29}},{"start":{"line":14,"column":33},"end":{"line":14,"column":40}},{"start":{"line":14,"column":44},"end":{"line":14,"column":54}}],"line":14},"2":{"loc":{"start":{"line":35,"column":2},"end":{"line":37,"column":3}},"type":"if","locations":[{"start":{"line":35,"column":2},"end":{"line":37,"column":3}},{"start":{},"end":{}}],"line":35},"3":{"loc":{"start":{"line":55,"column":2},"end":{"line":57,"column":3}},"type":"if","locations":[{"start":{"line":55,"column":2},"end":{"line":57,"column":3}},{"start":{},"end":{}}],"line":55}},"s":{"0":3,"1":3,"2":3,"3":3,"4":0,"5":3,"6":0,"7":0,"8":0,"9":0,"10":0,"11":0,"12":0,"13":0,"14":3,"15":0,"16":0,"17":0,"18":0,"19":0,"20":0,"21":0,"22":0,"23":3,"24":0,"25":0,"26":0,"27":0,"28":0,"29":0,"30":0,"31":0,"32":3},"f":{"0":0,"1":0,"2":0,"3":0},"b":{"0":[0,0],"1":[0,0,0,0],"2":[0,0],"3":[0,0]},"_coverageSchema":"1a1c01bbd47fc00a2c39e90264f33305004495a9","hash":"c8401a6aa57ee230957d31887582a1da284e68f2"}
,"C:\\Users\\juan\\Desktop\\Ferremas-main\\server\\services\\bcchService.js": {"path":"C:\\Users\\juan\\Desktop\\Ferremas-main\\server\\services\\bcchService.js","statementMap":{"0":{"start":{"line":1,"column":14},"end":{"line":1,"column":30}},"1":{"start":{"line":5,"column":21},"end":{"line":17,"column":5}},"2":{"start":{"line":18,"column":4},"end":{"line":18,"column":57}},"3":{"start":{"line":21,"column":0},"end":{"line":23,"column":2}}},"fnMap":{"0":{"name":"obtenerValorDolar","decl":{"start":{"line":4,"column":15},"end":{"line":4,"column":32}},"loc":{"start":{"line":4,"column":35},"end":{"line":19,"column":1}},"line":4}},"branchMap":{},"s":{"0":3,"1":0,"2":0,"3":3},"f":{"0":0},"b":{},"_coverageSchema":"1a1c01bbd47fc00a2c39e90264f33305004495a9","hash":"d2beb4b47486ca51abb03ce85e7d4fcc96d57fee"}
,"C:\\Users\\juan\\Desktop\\Ferremas-main\\server\\services\\webpayService.js": {"path":"C:\\Users\\juan\\Desktop\\Ferremas-main\\server\\services\\webpayService.js","statementMap":{"0":{"start":{"line":2,"column":23},"end":{"line":2,"column":47}},"1":{"start":{"line":3,"column":26},"end":{"line":3,"column":64}},"2":{"start":{"line":5,"column":0},"end":{"line":9,"column":2}},"3":{"start":{"line":11,"column":20},"end":{"line":11,"column":48}},"4":{"start":{"line":13,"column":0},"end":{"line":38,"column":2}},"5":{"start":{"line":14,"column":2},"end":{"line":37,"column":3}},"6":{"start":{"line":15,"column":21},"end":{"line":15,"column":85}},"7":{"start":{"line":17,"column":4},"end":{"line":19,"column":5}},"8":{"start":{"line":18,"column":6},"end":{"line":18,"column":54}},"9":{"start":{"line":21,"column":4},"end":{"line":27,"column":7}},"10":{"start":{"line":30,"column":4},"end":{"line":33,"column":6}},"11":{"start":{"line":35,"column":4},"end":{"line":35,"column":59}},"12":{"start":{"line":36,"column":4},"end":{"line":36,"column":16}},"13":{"start":{"line":40,"column":0},"end":{"line":57,"column":2}},"14":{"start":{"line":41,"column":2},"end":{"line":56,"column":3}},"15":{"start":{"line":42,"column":21},"end":{"line":42,"column":52}},"16":{"start":{"line":44,"column":4},"end":{"line":50,"column":6}},"17":{"start":{"line":52,"column":4},"end":{"line":52,"column":20}},"18":{"start":{"line":54,"column":4},"end":{"line":54,"column":61}},"19":{"start":{"line":55,"column":4},"end":{"line":55,"column":16}},"20":{"start":{"line":59,"column":0},"end":{"line":67,"column":2}},"21":{"start":{"line":60,"column":2},"end":{"line":66,"column":3}},"22":{"start":{"line":61,"column":21},"end":{"line":61,"column":52}},"23":{"start":{"line":62,"column":4},"end":{"line":62,"column":20}},"24":{"start":{"line":64,"column":4},"end":{"line":64,"column":65}},"25":{"start":{"line":65,"column":4},"end":{"line":65,"column":16}}},"fnMap":{"0":{"name":"(anonymous_0)","decl":{"start":{"line":13,"column":29},"end":{"line":13,"column":30}},"loc":{"start":{"line":13,"column":79},"end":{"line":38,"column":1}},"line":13},"1":{"name":"(anonymous_1)","decl":{"start":{"line":40,"column":31},"end":{"line":40,"column":32}},"loc":{"start":{"line":40,"column":48},"end":{"line":57,"column":1}},"line":40},"2":{"name":"(anonymous_2)","decl":{"start":{"line":59,"column":35},"end":{"line":59,"column":36}},"loc":{"start":{"line":59,"column":52},"end":{"line":67,"column":1}},"line":59}},"branchMap":{"0":{"loc":{"start":{"line":17,"column":4},"end":{"line":19,"column":5}},"type":"if","locations":[{"start":{"line":17,"column":4},"end":{"line":19,"column":5}},{"start":{},"end":{}}],"line":17},"1":{"loc":{"start":{"line":17,"column":8},"end":{"line":17,"column":53}},"type":"binary-expr","locations":[{"start":{"line":17,"column":8},"end":{"line":17,"column":17}},{"start":{"line":17,"column":21},"end":{"line":17,"column":36}},{"start":{"line":17,"column":40},"end":{"line":17,"column":53}}],"line":17},"2":{"loc":{"start":{"line":46,"column":16},"end":{"line":46,"column":47}},"type":"binary-expr","locations":[{"start":{"line":46,"column":16},"end":{"line":46,"column":31}},{"start":{"line":46,"column":35},"end":{"line":46,"column":47}}],"line":46}},"s":{"0":3,"1":3,"2":3,"3":3,"4":3,"5":0,"6":0,"7":0,"8":0,"9":0,"10":0,"11":0,"12":0,"13":3,"14":0,"15":0,"16":0,"17":0,"18":0,"19":0,"20":3,"21":0,"22":0,"23":0,"24":0,"25":0},"f":{"0":0,"1":0,"2":0},"b":{"0":[0,0],"1":[0,0,0],"2":[0,0]},"_coverageSchema":"1a1c01bbd47fc00a2c39e90264f33305004495a9","hash":"db9df2594c186dc8af620db62a956edab2faa4bd"}
}
