TN:
SF:app.js
FN:33,(anonymous_0)
FN:46,getExchangeRates
FN:66,(anonymous_2)
FN:75,(anonymous_3)
FN:108,(anonymous_4)
FN:113,(anonymous_5)
FN:117,(anonymous_6)
FN:122,(anonymous_7)
FN:129,(anonymous_8)
FN:131,(anonymous_9)
FN:142,(anonymous_10)
FNF:11
FNH:0
FNDA:0,(anonymous_0)
FNDA:0,getExchangeRates
FNDA:0,(anonymous_2)
FNDA:0,(anonymous_3)
FNDA:0,(anonymous_4)
FNDA:0,(anonymous_5)
FNDA:0,(anonymous_6)
FNDA:0,(anonymous_7)
FNDA:0,(anonymous_8)
FNDA:0,(anonymous_9)
FNDA:0,(anonymous_10)
DA:1,3
DA:2,3
DA:3,3
DA:4,3
DA:5,3
DA:7,3
DA:10,3
DA:11,3
DA:12,3
DA:13,3
DA:14,3
DA:17,3
DA:20,3
DA:21,3
DA:22,3
DA:23,3
DA:26,3
DA:27,3
DA:28,3
DA:29,3
DA:30,3
DA:33,3
DA:34,0
DA:35,0
DA:39,3
DA:43,3
DA:47,0
DA:48,0
DA:49,0
DA:50,0
DA:51,0
DA:56,0
DA:58,0
DA:59,0
DA:62,0
DA:66,3
DA:67,0
DA:68,0
DA:69,0
DA:71,0
DA:75,3
DA:76,0
DA:77,0
DA:78,0
DA:80,0
DA:81,0
DA:82,0
DA:85,0
DA:91,0
DA:92,0
DA:94,0
DA:103,0
DA:108,3
DA:109,0
DA:113,3
DA:114,0
DA:117,3
DA:118,0
DA:122,3
DA:123,0
DA:124,0
DA:128,3
DA:130,0
DA:131,0
DA:132,0
DA:143,0
LF:66
LH:31
BRDA:48,0,0,0
BRDA:48,0,1,0
BRDA:48,1,0,0
BRDA:48,1,1,0
BRDA:81,2,0,0
BRDA:81,2,1,0
BRDA:81,3,0,0
BRDA:81,3,1,0
BRDA:130,4,0,0
BRDA:130,4,1,0
BRF:10
BRH:0
end_of_record
TN:
SF:config\database.js
FN:17,(anonymous_0)
FNF:1
FNH:1
FNDA:3,(anonymous_0)
DA:1,3
DA:2,3
DA:4,3
DA:17,3
DA:18,3
DA:19,3
DA:20,0
DA:21,0
DA:22,0
DA:24,0
DA:28,3
DA:30,3
LF:12
LH:8
BRDA:5,0,0,3
BRDA:5,0,1,3
BRDA:6,1,0,3
BRDA:6,1,1,3
BRDA:7,2,0,3
BRDA:7,2,1,3
BRDA:9,3,0,3
BRDA:9,3,1,3
BRDA:11,4,0,3
BRDA:11,4,1,3
BRF:10
BRH:10
end_of_record
TN:
SF:controllers\mensajeController.js
FN:4,(anonymous_0)
FN:25,(anonymous_1)
FNF:2
FNH:0
FNDA:0,(anonymous_0)
FNDA:0,(anonymous_1)
DA:1,3
DA:4,3
DA:5,0
DA:7,0
DA:8,0
DA:11,0
DA:12,0
DA:18,0
DA:20,0
DA:25,3
DA:26,0
DA:27,0
DA:28,0
DA:30,0
LF:14
LH:3
BRDA:7,0,0,0
BRDA:7,0,1,0
BRDA:7,1,0,0
BRDA:7,1,1,0
BRDA:7,1,2,0
BRF:5
BRH:0
end_of_record
TN:
SF:controllers\productController.js
FN:4,(anonymous_0)
FN:28,(anonymous_1)
FN:38,(anonymous_2)
FN:48,(anonymous_3)
FN:92,(anonymous_4)
FN:107,(anonymous_5)
FN:122,(anonymous_6)
FN:144,(anonymous_7)
FN:162,(anonymous_8)
FNF:9
FNH:0
FNDA:0,(anonymous_0)
FNDA:0,(anonymous_1)
FNDA:0,(anonymous_2)
FNDA:0,(anonymous_3)
FNDA:0,(anonymous_4)
FNDA:0,(anonymous_5)
FNDA:0,(anonymous_6)
FNDA:0,(anonymous_7)
FNDA:0,(anonymous_8)
DA:1,3
DA:2,3
DA:4,3
DA:5,0
DA:6,0
DA:7,0
DA:9,0
DA:10,0
DA:12,0
DA:13,0
DA:14,0
DA:15,0
DA:17,0
DA:18,0
DA:19,0
DA:20,0
DA:22,0
DA:23,0
DA:25,0
DA:28,3
DA:29,0
DA:30,0
DA:31,0
DA:32,0
DA:34,0
DA:38,3
DA:39,0
DA:40,0
DA:41,0
DA:42,0
DA:44,0
DA:48,3
DA:49,0
DA:50,0
DA:51,0
DA:52,0
DA:58,0
DA:69,0
DA:71,0
DA:77,0
DA:79,0
DA:80,0
DA:85,0
DA:92,3
DA:93,0
DA:94,0
DA:97,0
DA:98,0
DA:99,0
DA:101,0
DA:103,0
DA:107,3
DA:108,0
DA:109,0
DA:112,0
DA:113,0
DA:115,0
DA:117,0
DA:122,3
DA:123,0
DA:124,0
DA:125,0
DA:133,0
DA:134,0
DA:137,0
DA:139,0
DA:144,3
DA:145,0
DA:146,0
DA:147,0
DA:155,0
DA:157,0
DA:162,3
DA:163,0
DA:164,0
DA:166,0
DA:168,0
DA:169,0
DA:172,0
DA:173,0
DA:176,0
DA:177,0
DA:180,0
DA:181,0
DA:182,0
DA:183,0
DA:184,0
DA:186,0
DA:187,0
DA:191,0
DA:193,0
DA:200,0
DA:202,0
DA:203,0
LF:94
LH:11
BRDA:6,0,0,0
BRDA:6,0,1,0
BRDA:6,1,0,0
BRDA:6,1,1,0
BRDA:9,2,0,0
BRDA:9,2,1,0
BRDA:9,3,0,0
BRDA:9,3,1,0
BRDA:12,4,0,0
BRDA:12,4,1,0
BRDA:12,5,0,0
BRDA:12,5,1,0
BRDA:14,6,0,0
BRDA:14,6,1,0
BRDA:17,7,0,0
BRDA:17,7,1,0
BRDA:17,8,0,0
BRDA:17,8,1,0
BRDA:19,9,0,0
BRDA:19,9,1,0
BRDA:22,10,0,0
BRDA:22,10,1,0
BRDA:22,11,0,0
BRDA:22,11,1,0
BRDA:31,12,0,0
BRDA:31,12,1,0
BRDA:41,13,0,0
BRDA:41,13,1,0
BRDA:51,14,0,0
BRDA:51,14,1,0
BRDA:61,15,0,0
BRDA:61,15,1,0
BRDA:65,16,0,0
BRDA:65,16,1,0
BRDA:79,17,0,0
BRDA:79,17,1,0
BRDA:87,18,0,0
BRDA:87,18,1,0
BRDA:97,19,0,0
BRDA:97,19,1,0
BRDA:112,20,0,0
BRDA:112,20,1,0
BRDA:133,21,0,0
BRDA:133,21,1,0
BRDA:145,22,0,0
BRDA:145,22,1,0
BRDA:164,23,0,0
BRDA:164,24,0,0
BRDA:168,25,0,0
BRDA:168,25,1,0
BRDA:172,26,0,0
BRDA:172,26,1,0
BRDA:176,27,0,0
BRDA:176,27,1,0
BRDA:181,28,0,0
BRDA:181,28,1,0
BRDA:186,29,0,0
BRDA:186,29,1,0
BRDA:186,30,0,0
BRDA:186,30,1,0
BRF:60
BRH:0
end_of_record
TN:
SF:models\Mensaje.js
FNF:0
FNH:0
DA:1,3
DA:2,3
DA:4,3
DA:26,3
LF:4
LH:4
BRF:0
BRH:0
end_of_record
TN:
SF:models\Product.js
FNF:0
FNH:0
DA:1,3
DA:2,3
DA:3,3
DA:6,3
DA:45,3
DA:46,3
DA:48,3
LF:7
LH:7
BRF:0
BRH:0
end_of_record
TN:
SF:models\Sucursal.js
FNF:0
FNH:0
DA:2,3
DA:3,3
DA:5,3
DA:24,3
LF:4
LH:4
BRF:0
BRH:0
end_of_record
TN:
SF:models\WebpayTransaction.js
FNF:0
FNH:0
DA:2,3
DA:3,3
DA:5,3
DA:39,3
LF:4
LH:4
BRF:0
BRH:0
end_of_record
TN:
SF:routes\bcchRoutes.js
FN:6,(anonymous_0)
FN:16,(anonymous_1)
FN:37,(anonymous_2)
FNF:3
FNH:0
FNDA:0,(anonymous_0)
FNDA:0,(anonymous_1)
FNDA:0,(anonymous_2)
DA:1,3
DA:2,3
DA:3,3
DA:6,3
DA:7,0
DA:8,0
DA:9,0
DA:11,0
DA:16,3
DA:17,0
DA:18,0
DA:19,0
DA:22,0
DA:23,0
DA:24,0
DA:25,0
DA:32,0
DA:37,3
DA:38,0
DA:39,0
DA:40,0
DA:43,0
DA:44,0
DA:45,0
DA:46,0
DA:53,0
DA:57,3
LF:27
LH:7
BRDA:18,0,0,0
BRDA:18,0,1,0
BRDA:18,1,0,0
BRDA:18,1,1,0
BRDA:39,2,0,0
BRDA:39,2,1,0
BRDA:39,3,0,0
BRDA:39,3,1,0
BRF:8
BRH:0
end_of_record
TN:
SF:routes\mensajeRoutes.js
FNF:0
FNH:0
DA:1,3
DA:2,3
DA:3,3
DA:5,3
DA:6,3
DA:8,3
LF:6
LH:6
BRF:0
BRH:0
end_of_record
TN:
SF:routes\productRoutes.js
FNF:0
FNH:0
DA:1,3
DA:2,3
DA:3,3
DA:5,3
DA:6,3
DA:7,3
DA:8,3
DA:9,3
DA:10,3
DA:11,3
DA:12,3
DA:14,3
LF:12
LH:12
BRF:0
BRH:0
end_of_record
TN:
SF:routes\sucursalRoutes.js
FN:6,(anonymous_0)
FN:16,(anonymous_1)
FNF:2
FNH:0
FNDA:0,(anonymous_0)
FNDA:0,(anonymous_1)
DA:1,3
DA:2,3
DA:3,3
DA:6,3
DA:7,0
DA:8,0
DA:9,0
DA:11,0
DA:16,3
DA:17,0
DA:18,0
DA:19,0
DA:21,0
DA:25,3
LF:14
LH:6
BRF:0
BRH:0
end_of_record
TN:
SF:routes\webpay.routes.js
FN:6,(anonymous_0)
FN:11,(anonymous_1)
FN:32,(anonymous_2)
FN:52,(anonymous_3)
FNF:4
FNH:0
FNDA:0,(anonymous_0)
FNDA:0,(anonymous_1)
FNDA:0,(anonymous_2)
FNDA:0,(anonymous_3)
DA:1,3
DA:2,3
DA:3,3
DA:6,3
DA:7,0
DA:11,3
DA:12,0
DA:14,0
DA:15,0
DA:18,0
DA:19,0
DA:20,0
DA:26,0
DA:27,0
DA:32,3
DA:33,0
DA:35,0
DA:36,0
DA:39,0
DA:40,0
DA:41,0
DA:46,0
DA:47,0
DA:52,3
DA:53,0
DA:55,0
DA:56,0
DA:59,0
DA:60,0
DA:61,0
DA:66,0
DA:67,0
DA:71,3
LF:33
LH:8
BRDA:14,0,0,0
BRDA:14,0,1,0
BRDA:14,1,0,0
BRDA:14,1,1,0
BRDA:14,1,2,0
BRDA:14,1,3,0
BRDA:35,2,0,0
BRDA:35,2,1,0
BRDA:55,3,0,0
BRDA:55,3,1,0
BRF:10
BRH:0
end_of_record
TN:
SF:services\bcchService.js
FN:4,obtenerValorDolar
FNF:1
FNH:0
FNDA:0,obtenerValorDolar
DA:1,3
DA:5,0
DA:18,0
DA:21,3
LF:4
LH:2
BRF:0
BRH:0
end_of_record
TN:
SF:services\webpayService.js
FN:13,(anonymous_0)
FN:40,(anonymous_1)
FN:59,(anonymous_2)
FNF:3
FNH:0
FNDA:0,(anonymous_0)
FNDA:0,(anonymous_1)
FNDA:0,(anonymous_2)
DA:2,3
DA:3,3
DA:5,3
DA:11,3
DA:13,3
DA:14,0
DA:15,0
DA:17,0
DA:18,0
DA:21,0
DA:30,0
DA:35,0
DA:36,0
DA:40,3
DA:41,0
DA:42,0
DA:44,0
DA:52,0
DA:54,0
DA:55,0
DA:59,3
DA:60,0
DA:61,0
DA:62,0
DA:64,0
DA:65,0
LF:26
LH:7
BRDA:17,0,0,0
BRDA:17,0,1,0
BRDA:17,1,0,0
BRDA:17,1,1,0
BRDA:17,1,2,0
BRDA:46,2,0,0
BRDA:46,2,1,0
BRF:7
BRH:0
end_of_record
